d:\compiler\compiler\build\parser.cpp
d:\compiler\compiler\build\parser.tab.h
d:\compiler\compiler\build\lexer.cpp
d:\compiler\compiler\build\cmakefiles\generate.stamp
d:\compiler\compiler\build\compiler.dir\debug\ast.obj
d:\compiler\compiler\build\compiler.dir\debug\codegenerator.obj
d:\compiler\compiler\build\compiler.dir\debug\lexer.obj
d:\compiler\compiler\build\compiler.dir\debug\main.obj
d:\compiler\compiler\build\compiler.dir\debug\optimizer.obj
d:\compiler\compiler\build\compiler.dir\debug\parser.obj
d:\compiler\compiler\build\compiler.dir\debug\semanticanalyzer.obj
d:\compiler\compiler\build\compiler.dir\debug\spilleverythingallocator.obj
d:\compiler\compiler\build\compiler.dir\debug\vc143.pdb
d:\compiler\compiler\build\compiler.dir\debug\ast.nativecodeanalysis.xml
d:\compiler\compiler\build\compiler.dir\debug\codegenerator.nativecodeanalysis.xml
d:\compiler\compiler\build\compiler.dir\debug\lexer.nativecodeanalysis.xml
d:\compiler\compiler\build\compiler.dir\debug\main.nativecodeanalysis.xml
d:\compiler\compiler\build\compiler.dir\debug\optimizer.nativecodeanalysis.xml
d:\compiler\compiler\build\compiler.dir\debug\parser.nativecodeanalysis.xml
d:\compiler\compiler\build\compiler.dir\debug\semanticanalyzer.nativecodeanalysis.xml
d:\compiler\compiler\build\compiler.dir\debug\spilleverythingallocator.nativecodeanalysis.xml
d:\compiler\compiler\build\compiler.dir\debug\compiler.tlog\cl.command.1.tlog
d:\compiler\compiler\build\compiler.dir\debug\compiler.tlog\custombuild.command.1.tlog
d:\compiler\compiler\build\compiler.dir\debug\compiler.tlog\custombuild.read.1.tlog
d:\compiler\compiler\build\compiler.dir\debug\compiler.tlog\custombuild.write.1.tlog
